{
  "RSpec": {
    "coverage": {
      "/Users/tballingall/Mac_U/collections_redux/config/environment.rb": [
        null,
        1,
        null,
        null,
        1
      ],
      "/Users/tballingall/Mac_U/collections_redux/config/application.rb": [
        1,
        null,
        1,
        null,
        null,
        null,
        null,
        1,
        null,
        1,
        1,
        null,
        null,
        null,
        null,
        null,
        null,
        null,
        null,
        null,
        null,
        null,
        null,
        null,
        null,
        null,
        null
      ],
      "/Users/tballingall/Mac_U/collections_redux/config/boot.rb": [
        1,
        null,
        1
      ],
      "/Users/tballingall/Mac_U/collections_redux/config/environments/test.rb": [
        1,
        null,
        null,
        null,
        null,
        null,
        null,
        1,
        null,
        null,
        null,
        null,
        1,
        null,
        null,
        1,
        1,
        null,
        null,
        1,
        1,
        null,
        null,
        1,
        null,
        null,
        1,
        null,
        null,
        null,
        null,
        1,
        null,
        null,
        1,
        null,
        null,
        1,
        null,
        null,
        null,
        null
      ],
      "/Users/tballingall/Mac_U/collections_redux/config/initializers/assets.rb": [
        null,
        null,
        null,
        1,
        null,
        null,
        null,
        null,
        null,
        null,
        null
      ],
      "/Users/tballingall/Mac_U/collections_redux/config/initializers/backtrace_silencers.rb": [
        null,
        null,
        null,
        null,
        null,
        null,
        null
      ],
      "/Users/tballingall/Mac_U/collections_redux/config/initializers/cookies_serializer.rb": [
        null,
        null,
        1
      ],
      "/Users/tballingall/Mac_U/collections_redux/config/initializers/dragonfly.rb": [
        1,
        null,
        null,
        1,
        1,
        null,
        1,
        null,
        1,
        null,
        1,
        null,
        null,
        null,
        null,
        null,
        1,
        null,
        null,
        1,
        null,
        null,
        1,
        1,
        1,
        null
      ],
      "/Users/tballingall/Mac_U/collections_redux/config/initializers/filter_parameter_logging.rb": [
        null,
        null,
        null,
        1
      ],
      "/Users/tballingall/Mac_U/collections_redux/config/initializers/inflections.rb": [
        null,
        null,
        null,
        null,
        null,
        null,
        null,
        null,
        null,
        null,
        null,
        null,
        null,
        null,
        null,
        null
      ],
      "/Users/tballingall/Mac_U/collections_redux/config/initializers/mime_types.rb": [
        null,
        null,
        null,
        null
      ],
      "/Users/tballingall/Mac_U/collections_redux/config/initializers/session_store.rb": [
        null,
        null,
        1
      ],
      "/Users/tballingall/Mac_U/collections_redux/config/initializers/wrap_parameters.rb": [
        null,
        null,
        null,
        null,
        null,
        null,
        1,
        1,
        null,
        null,
        null,
        null,
        null,
        null
      ],
      "/Users/tballingall/Mac_U/collections_redux/spec/factories/album.rb": [
        1,
        1,
        1,
        1,
        null,
        null
      ],
      "/Users/tballingall/Mac_U/collections_redux/spec/factories/picture.rb": [
        1,
        1,
        1,
        1,
        1,
        null,
        null,
        null,
        null,
        null
      ],
      "/Users/tballingall/Mac_U/collections_redux/spec/factories/user.rb": [
        1,
        1,
        1,
        1,
        1,
        1,
        1,
        1,
        null,
        null,
        null
      ],
      "/Users/tballingall/Mac_U/collections_redux/config/routes.rb": [
        1,
        1,
        1,
        1,
        1,
        1,
        null,
        null,
        null,
        null,
        1,
        1,
        1,
        1,
        1,
        1,
        1,
        null
      ],
      "/Users/tballingall/Mac_U/collections_redux/app/helpers/albums_helper.rb": [
        null,
        1,
        1,
        0,
        0,
        null,
        null,
        1,
        0,
        0,
        0,
        null,
        null,
        1,
        null,
        1,
        0,
        null,
        null,
        1,
        0,
        null,
        null
      ],
      "/Users/tballingall/Mac_U/collections_redux/app/helpers/application_helper.rb": [
        null,
        1,
        1,
        0,
        null,
        0,
        null,
        null,
        null,
        0,
        null,
        null,
        null,
        null,
        1,
        0,
        0,
        null,
        null,
        1,
        null,
        1,
        0,
        null,
        null,
        1,
        0,
        null,
        null,
        1,
        0,
        0,
        0,
        null,
        null,
        null,
        null
      ],
      "/Users/tballingall/Mac_U/collections_redux/app/helpers/profile_helper.rb": [
        null,
        1,
        1,
        0,
        0,
        null,
        null,
        1,
        0,
        0,
        null,
        null,
        1,
        0,
        null,
        null,
        1,
        null,
        1,
        0,
        null,
        null,
        1,
        0,
        null,
        null
      ]
    },
    "timestamp": 1437668899
  }
}
